<?xml version="1.0" encoding="UTF-8"?>
<!-- Generated by org.testng.reporters.JUnitXMLReporter -->
<testsuite ignored="0" hostname="Q1" failures="0" tests="8" name="Default test" time="350.556" errors="0" timestamp="2024-03-23T13:28:30 IST">
  <testcase classname="com.mystore.testcases.TC_Register_001" name="registercust" time="41.706"/>
  <testcase classname="com.mystore.testcases.TC_Register_001" name="registercust" time="39.461"/>
  <testcase classname="com.mystore.testcases.TC_Register_001" name="registercust" time="39.567"/>
  <testcase classname="com.mystore.testcases.TC_Register_001" name="registercust" time="39.7"/>
  <testcase classname="com.mystore.testcases.TC_Register_001" name="registercust" time="39.606"/>
  <testcase classname="com.mystore.testcases.TC_Register_001" name="registercust" time="39.579"/>
  <testcase classname="com.mystore.testcases.TC_Register_001" name="registercust" time="38.342"/>
  <testcase classname="com.mystore.testcases.TC_Register_001" name="registercust" time="39.25"/>
</testsuite> <!-- Default test -->
